<?xml version="1.0" encoding="UTF-8"?>
<coverage generated="1771080971773" clover="3.2.0">
  <project timestamp="1771080971773" name="All files">
    <metrics statements="6176" coveredstatements="5041" conditionals="3834" coveredconditionals="2721" methods="1613" coveredmethods="1313" elements="11623" coveredelements="9075" complexity="0" loc="6176" ncloc="6176" packages="19" files="90" classes="90"/>
    <package name="components.animations">
      <metrics statements="344" coveredstatements="343" conditionals="231" coveredconditionals="205" methods="99" coveredmethods="98"/>
      <file name="AnimatedPerson.tsx" path="C:\Users\Radko\source\repos\AudioVerse\audioverse-react\src\components\animations\AnimatedPerson.tsx">
        <metrics statements="71" coveredstatements="71" conditionals="55" coveredconditionals="50" methods="11" coveredmethods="11"/>
        <line num="23" count="5" type="stmt"/>
        <line num="32" count="104" type="stmt"/>
        <line num="34" count="104" type="stmt"/>
        <line num="35" count="104" type="cond" truecount="2" falsecount="0"/>
        <line num="39" count="104" type="stmt"/>
        <line num="40" count="104" type="stmt"/>
        <line num="41" count="104" type="stmt"/>
        <line num="44" count="104" type="cond" truecount="1" falsecount="3"/>
        <line num="45" count="104" type="stmt"/>
        <line num="47" count="104" type="stmt"/>
        <line num="143" count="104" type="stmt"/>
        <line num="144" count="104" type="stmt"/>
        <line num="145" count="104" type="stmt"/>
        <line num="146" count="104" type="cond" truecount="5" falsecount="0"/>
        <line num="148" count="1" type="stmt"/>
        <line num="157" count="3" type="stmt"/>
        <line num="170" count="1" type="stmt"/>
        <line num="178" count="99" type="stmt"/>
        <line num="189" count="104" type="stmt"/>
        <line num="190" count="104" type="stmt"/>
        <line num="191" count="104" type="cond" truecount="6" falsecount="0"/>
        <line num="193" count="1" type="stmt"/>
        <line num="200" count="2" type="stmt"/>
        <line num="208" count="1" type="stmt"/>
        <line num="210" count="99" type="stmt"/>
        <line num="213" count="1" type="stmt"/>
        <line num="218" count="104" type="stmt"/>
        <line num="219" count="104" type="stmt"/>
        <line num="220" count="104" type="stmt"/>
        <line num="221" count="104" type="cond" truecount="5" falsecount="0"/>
        <line num="223" count="2" type="stmt"/>
        <line num="230" count="1" type="stmt"/>
        <line num="237" count="1" type="stmt"/>
        <line num="246" count="100" type="stmt"/>
        <line num="256" count="104" type="stmt"/>
        <line num="257" count="104" type="cond" truecount="6" falsecount="0"/>
        <line num="259" count="1" type="stmt"/>
        <line num="269" count="1" type="stmt"/>
        <line num="276" count="2" type="stmt"/>
        <line num="284" count="1" type="stmt"/>
        <line num="292" count="99" type="stmt"/>
        <line num="305" count="104" type="stmt"/>
        <line num="306" count="104" type="cond" truecount="4" falsecount="0"/>
        <line num="308" count="2" type="stmt"/>
        <line num="310" count="1" type="stmt"/>
        <line num="313" count="101" type="stmt"/>
        <line num="318" count="104" type="stmt"/>
        <line num="319" count="104" type="stmt"/>
        <line num="320" count="104" type="cond" truecount="7" falsecount="0"/>
        <line num="322" count="2" type="stmt"/>
        <line num="324" count="1" type="stmt"/>
        <line num="326" count="1" type="stmt"/>
        <line num="328" count="1" type="stmt"/>
        <line num="330" count="1" type="stmt"/>
        <line num="338" count="98" type="stmt"/>
        <line num="343" count="104" type="stmt"/>
        <line num="344" count="104" type="stmt"/>
        <line num="345" count="104" type="cond" truecount="6" falsecount="0"/>
        <line num="347" count="2" type="stmt"/>
        <line num="354" count="1" type="stmt"/>
        <line num="362" count="1" type="stmt"/>
        <line num="369" count="1" type="stmt"/>
        <line num="372" count="99" type="stmt"/>
        <line num="377" count="104" type="stmt"/>
        <line num="378" count="104" type="stmt"/>
        <line num="379" count="104" type="stmt"/>
        <line num="380" count="104" type="cond" truecount="5" falsecount="0"/>
        <line num="382" count="100" type="stmt"/>
        <line num="389" count="1" type="stmt"/>
        <line num="396" count="1" type="stmt"/>
        <line num="404" count="2" type="stmt"/>
      </file>
      <file name="BodyRenderer.tsx" path="C:\Users\Radko\source\repos\AudioVerse\audioverse-react\src\components\animations\BodyRenderer.tsx">
        <metrics statements="9" coveredstatements="9" conditionals="3" coveredconditionals="1" methods="1" coveredmethods="1"/>
        <line num="27" count="1" type="stmt"/>
        <line num="28" count="1" type="cond" truecount="1" falsecount="2"/>
        <line num="29" count="1" type="stmt"/>
        <line num="32" count="1" type="stmt"/>
        <line num="33" count="1" type="stmt"/>
        <line num="34" count="1" type="stmt"/>
        <line num="37" count="1" type="stmt"/>
        <line num="38" count="1" type="stmt"/>
        <line num="41" count="1" type="stmt"/>
      </file>
      <file name="Jurors.tsx" path="C:\Users\Radko\source\repos\AudioVerse\audioverse-react\src\components\animations\Jurors.tsx">
        <metrics statements="37" coveredstatements="37" conditionals="29" coveredconditionals="22" methods="19" coveredmethods="19"/>
        <line num="36" count="4" type="stmt"/>
        <line num="37" count="15" type="cond" truecount="4" falsecount="0"/>
        <line num="38" count="58" type="stmt"/>
        <line num="39" count="15" type="stmt"/>
        <line num="42" count="4" type="stmt"/>
        <line num="43" count="15" type="cond" truecount="3" falsecount="0"/>
        <line num="45" count="15" type="stmt"/>
        <line num="47" count="15" type="stmt"/>
        <line num="48" count="15" type="stmt"/>
        <line num="49" count="15" type="stmt"/>
        <line num="50" count="15" type="stmt"/>
        <line num="52" count="21" type="stmt"/>
        <line num="54" count="15" type="stmt"/>
        <line num="55" count="15" type="cond" truecount="2" falsecount="0"/>
        <line num="56" count="1" type="stmt"/>
        <line num="57" count="1" type="cond" truecount="1" falsecount="1"/>
        <line num="61" count="15" type="stmt"/>
        <line num="62" count="15" type="cond" truecount="2" falsecount="0"/>
        <line num="63" count="13" type="stmt"/>
        <line num="64" count="13" type="cond" truecount="1" falsecount="1"/>
        <line num="65" count="13" type="stmt"/>
        <line num="66" count="13" type="stmt"/>
        <line num="69" count="15" type="stmt"/>
        <line num="70" count="2" type="stmt"/>
        <line num="71" count="1" type="cond" truecount="1" falsecount="1"/>
        <line num="73" count="1" type="stmt"/>
        <line num="74" count="1" type="cond" truecount="1" falsecount="1"/>
        <line num="75" count="4" type="stmt"/>
        <line num="76" count="1" type="stmt"/>
        <line num="79" count="1" type="cond" truecount="1" falsecount="1"/>
        <line num="82" count="1" type="cond" truecount="1" falsecount="1"/>
        <line num="85" count="1" type="cond" truecount="1" falsecount="1"/>
        <line num="89" count="15" type="stmt"/>
        <line num="92" count="15" type="stmt"/>
        <line num="93" count="15" type="stmt"/>
        <line num="94" count="15" type="stmt"/>
        <line num="95" count="15" type="stmt"/>
      </file>
      <file name="animationHelper.ts" path="C:\Users\Radko\source\repos\AudioVerse\audioverse-react\src\components\animations\animationHelper.ts">
        <metrics statements="92" coveredstatements="92" conditionals="41" coveredconditionals="39" methods="7" coveredmethods="6"/>
        <line num="23" count="6" type="stmt"/>
        <line num="24" count="6" type="stmt"/>
        <line num="25" count="6" type="stmt"/>
        <line num="26" count="6" type="stmt"/>
        <line num="27" count="6" type="stmt"/>
        <line num="28" count="6" type="stmt"/>
        <line num="29" count="6" type="stmt"/>
        <line num="30" count="6" type="stmt"/>
        <line num="31" count="6" type="stmt"/>
        <line num="33" count="6" type="stmt"/>
        <line num="34" count="6" type="stmt"/>
        <line num="80" count="6" type="stmt"/>
        <line num="81" count="6" type="stmt"/>
        <line num="84" count="10" type="stmt"/>
        <line num="85" count="10" type="stmt"/>
        <line num="105" count="52" type="cond" truecount="3" falsecount="1"/>
        <line num="106" count="52" type="cond" truecount="3" falsecount="1"/>
        <line num="107" count="52" type="cond" truecount="2" falsecount="0"/>
        <line num="109" count="52" type="cond" truecount="26" falsecount="0"/>
        <line num="111" count="10" type="stmt"/>
        <line num="113" count="10" type="stmt"/>
        <line num="117" count="10" type="stmt"/>
        <line num="122" count="10" type="stmt"/>
        <line num="126" count="10" type="stmt"/>
        <line num="131" count="10" type="stmt"/>
        <line num="135" count="10" type="stmt"/>
        <line num="139" count="2" type="stmt"/>
        <line num="144" count="2" type="stmt"/>
        <line num="148" count="4" type="stmt"/>
        <line num="149" count="4" type="stmt"/>
        <line num="155" count="4" type="stmt"/>
        <line num="159" count="2" type="stmt"/>
        <line num="165" count="2" type="stmt"/>
        <line num="169" count="1" type="stmt"/>
        <line num="176" count="1" type="stmt"/>
        <line num="180" count="1" type="stmt"/>
        <line num="185" count="1" type="stmt"/>
        <line num="189" count="1" type="stmt"/>
        <line num="195" count="1" type="stmt"/>
        <line num="199" count="1" type="stmt"/>
        <line num="203" count="1" type="stmt"/>
        <line num="207" count="1" type="stmt"/>
        <line num="208" count="1" type="stmt"/>
        <line num="214" count="1" type="stmt"/>
        <line num="218" count="1" type="stmt"/>
        <line num="219" count="1" type="stmt"/>
        <line num="225" count="1" type="stmt"/>
        <line num="229" count="1" type="stmt"/>
        <line num="230" count="1" type="stmt"/>
        <line num="235" count="1" type="stmt"/>
        <line num="239" count="2" type="stmt"/>
        <line num="240" count="2" type="stmt"/>
        <line num="244" count="2" type="stmt"/>
        <line num="245" count="2" type="stmt"/>
        <line num="249" count="2" type="stmt"/>
        <line num="250" count="2" type="stmt"/>
        <line num="254" count="2" type="stmt"/>
        <line num="255" count="2" type="stmt"/>
        <line num="256" count="2" type="stmt"/>
        <line num="260" count="2" type="stmt"/>
        <line num="261" count="2" type="stmt"/>
        <line num="262" count="2" type="stmt"/>
        <line num="268" count="1" type="stmt"/>
        <line num="269" count="1" type="stmt"/>
        <line num="274" count="1" type="stmt"/>
        <line num="279" count="2" type="stmt"/>
        <line num="280" count="2" type="stmt"/>
        <line num="286" count="2" type="stmt"/>
        <line num="290" count="1" type="stmt"/>
        <line num="291" count="1" type="stmt"/>
        <line num="297" count="1" type="stmt"/>
        <line num="301" count="2" type="stmt"/>
        <line num="302" count="2" type="stmt"/>
        <line num="306" count="2" type="stmt"/>
        <line num="307" count="2" type="stmt"/>
        <line num="311" count="1" type="stmt"/>
        <line num="312" count="1" type="stmt"/>
        <line num="318" count="1" type="stmt"/>
        <line num="322" count="1" type="stmt"/>
        <line num="323" count="1" type="stmt"/>
        <line num="327" count="1" type="stmt"/>
        <line num="331" count="3" type="stmt"/>
        <line num="332" count="3" type="stmt"/>
        <line num="336" count="2" type="stmt"/>
        <line num="337" count="2" type="stmt"/>
        <line num="341" count="2" type="stmt"/>
        <line num="342" count="2" type="stmt"/>
        <line num="349" count="2" type="stmt"/>
        <line num="357" count="3" type="stmt"/>
        <line num="358" count="5" type="stmt"/>
        <line num="359" count="5" type="cond" truecount="4" falsecount="0"/>
        <line num="360" count="1" type="stmt"/>
      </file>
      <file name="characterTypes.ts" path="C:\Users\Radko\source\repos\AudioVerse\audioverse-react\src\components\animations\characterTypes.ts">
        <metrics statements="6" coveredstatements="6" conditionals="9" coveredconditionals="6" methods="1" coveredmethods="1"/>
        <line num="24" count="8" type="stmt"/>
        <line num="71" count="8" type="stmt"/>
        <line num="78" count="8" type="stmt"/>
        <line num="93" count="2690" type="cond" truecount="5" falsecount="1"/>
        <line num="94" count="2676" type="stmt"/>
        <line num="95" count="2676" type="cond" truecount="1" falsecount="2"/>
      </file>
      <file name="choreoDSL.ts" path="C:\Users\Radko\source\repos\AudioVerse\audioverse-react\src\components\animations\choreoDSL.ts">
        <metrics statements="90" coveredstatements="89" conditionals="71" coveredconditionals="65" methods="48" coveredmethods="48"/>
        <line num="23" count="52" type="stmt"/>
        <line num="24" count="52" type="stmt"/>
        <line num="28" count="99" type="stmt"/>
        <line num="29" count="99" type="stmt"/>
        <line num="34" count="3" type="stmt"/>
        <line num="35" count="3" type="stmt"/>
        <line num="40" count="1" type="stmt"/>
        <line num="41" count="1" type="stmt"/>
        <line num="42" count="2" type="cond" truecount="2" falsecount="0"/>
        <line num="43" count="1" type="stmt"/>
        <line num="57" count="1" type="cond" truecount="1" falsecount="1"/>
        <line num="58" count="0" type="stmt"/>
        <line num="60" count="1" type="stmt"/>
        <line num="65" count="1" type="stmt"/>
        <line num="66" count="1" type="stmt"/>
        <line num="67" count="2" type="stmt"/>
        <line num="68" count="1" type="stmt"/>
        <line num="73" count="4" type="stmt"/>
        <line num="74" count="4" type="stmt"/>
        <line num="79" count="6" type="stmt"/>
        <line num="80" count="6" type="stmt"/>
        <line num="81" count="6" type="stmt"/>
        <line num="86" count="1" type="stmt"/>
        <line num="87" count="1" type="stmt"/>
        <line num="92" count="4" type="stmt"/>
        <line num="93" count="4" type="stmt"/>
        <line num="97" count="4" type="cond" truecount="1" falsecount="0"/>
        <line num="98" count="3" type="cond" truecount="1" falsecount="0"/>
        <line num="99" count="3" type="cond" truecount="1" falsecount="0"/>
        <line num="100" count="1" type="cond" truecount="1" falsecount="0"/>
        <line num="101" count="1" type="cond" truecount="1" falsecount="0"/>
        <line num="102" count="1" type="cond" truecount="1" falsecount="0"/>
        <line num="104" count="6" type="cond" truecount="1" falsecount="0"/>
        <line num="105" count="2" type="cond" truecount="1" falsecount="0"/>
        <line num="106" count="2" type="cond" truecount="1" falsecount="0"/>
        <line num="107" count="2" type="cond" truecount="1" falsecount="0"/>
        <line num="108" count="2" type="cond" truecount="1" falsecount="0"/>
        <line num="109" count="1" type="cond" truecount="1" falsecount="0"/>
        <line num="110" count="6" type="cond" truecount="1" falsecount="0"/>
        <line num="111" count="5" type="cond" truecount="1" falsecount="0"/>
        <line num="112" count="1" type="cond" truecount="1" falsecount="0"/>
        <line num="114" count="2" type="cond" truecount="1" falsecount="0"/>
        <line num="115" count="2" type="cond" truecount="1" falsecount="0"/>
        <line num="116" count="3" type="cond" truecount="1" falsecount="0"/>
        <line num="117" count="3" type="cond" truecount="1" falsecount="0"/>
        <line num="118" count="2" type="cond" truecount="1" falsecount="0"/>
        <line num="119" count="2" type="cond" truecount="1" falsecount="0"/>
        <line num="120" count="3" type="cond" truecount="1" falsecount="0"/>
        <line num="121" count="6" type="cond" truecount="1" falsecount="0"/>
        <line num="122" count="2" type="cond" truecount="1" falsecount="0"/>
        <line num="123" count="9" type="cond" truecount="1" falsecount="0"/>
        <line num="126" count="10" type="stmt"/>
        <line num="130" count="30" type="stmt"/>
        <line num="131" count="5" type="stmt"/>
        <line num="134" count="52" type="stmt"/>
        <line num="142" count="20" type="cond" truecount="2" falsecount="0"/>
        <line num="146" count="20" type="stmt"/>
        <line num="147" count="29" type="cond" truecount="2" falsecount="0"/>
        <line num="149" count="20" type="stmt"/>
        <line num="150" count="20" type="stmt"/>
        <line num="151" count="35" type="stmt"/>
        <line num="152" count="35" type="cond" truecount="4" falsecount="0"/>
        <line num="153" count="12" type="cond" truecount="2" falsecount="0"/>
        <line num="155" count="6" type="cond" truecount="1" falsecount="1"/>
        <line num="156" count="6" type="cond" truecount="2" falsecount="0"/>
        <line num="157" count="3" type="stmt"/>
        <line num="158" count="3" type="cond" truecount="1" falsecount="1"/>
        <line num="163" count="20" type="stmt"/>
        <line num="172" count="4" type="cond" truecount="2" falsecount="0"/>
        <line num="173" count="3" type="stmt"/>
        <line num="174" count="3" type="cond" truecount="2" falsecount="0"/>
        <line num="177" count="1" type="stmt"/>
        <line num="178" count="3" type="stmt"/>
        <line num="179" count="3" type="stmt"/>
        <line num="182" count="2" type="cond" truecount="2" falsecount="0"/>
        <line num="183" count="2" type="stmt"/>
        <line num="184" count="4" type="stmt"/>
        <line num="185" count="4" type="stmt"/>
        <line num="189" count="1" type="stmt"/>
        <line num="199" count="3" type="stmt"/>
        <line num="200" count="3" type="stmt"/>
        <line num="201" count="7" type="stmt"/>
        <line num="211" count="1" type="stmt"/>
        <line num="212" count="1" type="stmt"/>
        <line num="213" count="1" type="stmt"/>
        <line num="222" count="1" type="stmt"/>
        <line num="223" count="3" type="stmt"/>
        <line num="229" count="1" type="stmt"/>
        <line num="237" count="10" type="cond" truecount="2" falsecount="0"/>
        <line num="238" count="10" type="stmt"/>
      </file>
      <file name="karaokeIntegration.ts" path="C:\Users\Radko\source\repos\AudioVerse\audioverse-react\src\components\animations\karaokeIntegration.ts">
        <metrics statements="39" coveredstatements="39" conditionals="23" coveredconditionals="22" methods="12" coveredmethods="12"/>
        <line num="16" count="4" type="stmt"/>
        <line num="19" count="7" type="stmt"/>
        <line num="20" count="7" type="stmt"/>
        <line num="24" count="7" type="stmt"/>
        <line num="25" count="6" type="stmt"/>
        <line num="26" count="6" type="stmt"/>
        <line num="30" count="4" type="stmt"/>
        <line num="42" count="5" type="cond" truecount="1" falsecount="1"/>
        <line num="43" count="5" type="cond" truecount="2" falsecount="0"/>
        <line num="44" count="5" type="cond" truecount="2" falsecount="0"/>
        <line num="46" count="5" type="stmt"/>
        <line num="47" count="5" type="stmt"/>
        <line num="48" count="5" type="stmt"/>
        <line num="50" count="5" type="stmt"/>
        <line num="51" count="6" type="stmt"/>
        <line num="54" count="6" type="cond" truecount="2" falsecount="0"/>
        <line num="55" count="5" type="stmt"/>
        <line num="58" count="5" type="stmt"/>
        <line num="59" count="5" type="stmt"/>
        <line num="60" count="5" type="cond" truecount="5" falsecount="0"/>
        <line num="61" count="4" type="stmt"/>
        <line num="62" count="4" type="stmt"/>
        <line num="64" count="4" type="stmt"/>
        <line num="70" count="7" type="stmt"/>
        <line num="71" count="7" type="cond" truecount="2" falsecount="0"/>
        <line num="72" count="4" type="stmt"/>
        <line num="77" count="4" type="stmt"/>
        <line num="79" count="3" type="cond" truecount="2" falsecount="0"/>
        <line num="80" count="2" type="stmt"/>
        <line num="85" count="2" type="stmt"/>
        <line num="87" count="1" type="stmt"/>
        <line num="92" count="1" type="stmt"/>
        <line num="97" count="2" type="cond" truecount="2" falsecount="0"/>
        <line num="98" count="1" type="stmt"/>
        <line num="104" count="1" type="stmt"/>
        <line num="108" count="7" type="stmt"/>
        <line num="116" count="2" type="stmt"/>
        <line num="117" count="1" type="stmt"/>
        <line num="118" count="1" type="stmt"/>
      </file>
    </package>
    <package name="components.animations.shapes">
      <metrics statements="362" coveredstatements="362" conditionals="446" coveredconditionals="433" methods="132" coveredmethods="132"/>
      <file name="arms.tsx" path="C:\Users\Radko\source\repos\AudioVerse\audioverse-react\src\components\animations\shapes\arms.tsx">
        <metrics statements="9" coveredstatements="9" conditionals="16" coveredconditionals="10" methods="2" coveredmethods="2"/>
        <line num="21" count="2" type="stmt"/>
        <line num="28" count="1" type="stmt"/>
        <line num="36" count="2" type="stmt"/>
        <line num="37" count="2" type="stmt"/>
        <line num="39" count="2" type="stmt"/>
        <line num="44" count="2" type="stmt"/>
        <line num="45" count="2" type="stmt"/>
        <line num="46" count="2" type="stmt"/>
        <line num="48" count="2" type="stmt"/>
      </file>
      <file name="eyes.tsx" path="C:\Users\Radko\source\repos\AudioVerse\audioverse-react\src\components\animations\shapes\eyes.tsx">
        <metrics statements="57" coveredstatements="57" conditionals="85" coveredconditionals="84" methods="22" coveredmethods="22"/>
        <line num="21" count="23" type="stmt"/>
        <line num="31" count="24" type="stmt"/>
        <line num="42" count="2" type="cond" truecount="4" falsecount="0"/>
        <line num="43" count="3" type="stmt"/>
        <line num="44" count="3" type="stmt"/>
        <line num="57" count="2" type="cond" truecount="4" falsecount="0"/>
        <line num="58" count="3" type="stmt"/>
        <line num="59" count="3" type="stmt"/>
        <line num="82" count="2" type="cond" truecount="3" falsecount="0"/>
        <line num="83" count="1" type="stmt"/>
        <line num="84" count="1" type="stmt"/>
        <line num="95" count="2" type="cond" truecount="3" falsecount="0"/>
        <line num="96" count="1" type="stmt"/>
        <line num="97" count="1" type="stmt"/>
        <line num="108" count="2" type="cond" truecount="3" falsecount="0"/>
        <line num="109" count="1" type="stmt"/>
        <line num="110" count="1" type="stmt"/>
        <line num="119" count="2" type="cond" truecount="3" falsecount="0"/>
        <line num="120" count="1" type="stmt"/>
        <line num="121" count="1" type="stmt"/>
        <line num="128" count="2" type="cond" truecount="3" falsecount="0"/>
        <line num="129" count="1" type="stmt"/>
        <line num="130" count="1" type="stmt"/>
        <line num="139" count="2" type="cond" truecount="3" falsecount="0"/>
        <line num="140" count="2" type="stmt"/>
        <line num="141" count="2" type="stmt"/>
        <line num="150" count="2" type="cond" truecount="3" falsecount="0"/>
        <line num="151" count="1" type="stmt"/>
        <line num="152" count="1" type="stmt"/>
        <line num="167" count="2" type="stmt"/>
        <line num="168" count="2" type="cond" truecount="3" falsecount="0"/>
        <line num="169" count="1" type="stmt"/>
        <line num="170" count="1" type="cond" truecount="2" falsecount="0"/>
        <line num="175" count="2" type="cond" truecount="3" falsecount="0"/>
        <line num="176" count="1" type="stmt"/>
        <line num="177" count="1" type="cond" truecount="2" falsecount="0"/>
        <line num="180" count="3" type="stmt"/>
        <line num="181" count="3" type="stmt"/>
        <line num="184" count="2" type="cond" truecount="3" falsecount="0"/>
        <line num="185" count="2" type="stmt"/>
        <line num="186" count="4" type="stmt"/>
        <line num="187" count="2" type="cond" truecount="2" falsecount="0"/>
        <line num="189" count="2" type="cond" truecount="3" falsecount="0"/>
        <line num="190" count="1" type="stmt"/>
        <line num="191" count="2" type="stmt"/>
        <line num="192" count="1" type="cond" truecount="2" falsecount="0"/>
        <line num="194" count="2" type="stmt"/>
        <line num="195" count="2" type="cond" truecount="3" falsecount="0"/>
        <line num="196" count="1" type="stmt"/>
        <line num="197" count="1" type="cond" truecount="2" falsecount="0"/>
        <line num="199" count="2" type="cond" truecount="3" falsecount="0"/>
        <line num="200" count="3" type="stmt"/>
        <line num="201" count="3" type="cond" truecount="2" falsecount="0"/>
        <line num="205" count="2" type="stmt"/>
        <line num="230" count="2" type="stmt"/>
        <line num="231" count="23" type="cond" truecount="2" falsecount="0"/>
        <line num="232" count="23" type="stmt"/>
      </file>
      <file name="hair.tsx" path="C:\Users\Radko\source\repos\AudioVerse\audioverse-react\src\components\animations\shapes\hair.tsx">
        <metrics statements="69" coveredstatements="69" conditionals="66" coveredconditionals="66" methods="27" coveredmethods="27"/>
        <line num="17" count="22" type="stmt"/>
        <line num="24" count="2" type="stmt"/>
        <line num="26" count="2" type="cond" truecount="2" falsecount="0"/>
        <line num="27" count="3" type="stmt"/>
        <line num="28" count="3" type="stmt"/>
        <line num="35" count="2" type="cond" truecount="2" falsecount="0"/>
        <line num="36" count="1" type="stmt"/>
        <line num="37" count="1" type="stmt"/>
        <line num="45" count="2" type="cond" truecount="2" falsecount="0"/>
        <line num="46" count="1" type="stmt"/>
        <line num="47" count="5" type="stmt"/>
        <line num="48" count="1" type="cond" truecount="2" falsecount="0"/>
        <line num="51" count="2" type="cond" truecount="2" falsecount="0"/>
        <line num="52" count="1" type="stmt"/>
        <line num="53" count="1" type="stmt"/>
        <line num="61" count="2" type="cond" truecount="1" falsecount="0"/>
        <line num="62" count="1" type="stmt"/>
        <line num="63" count="1" type="stmt"/>
        <line num="72" count="2" type="cond" truecount="1" falsecount="0"/>
        <line num="73" count="1" type="stmt"/>
        <line num="74" count="1" type="stmt"/>
        <line num="83" count="2" type="cond" truecount="1" falsecount="0"/>
        <line num="84" count="1" type="stmt"/>
        <line num="85" count="1" type="stmt"/>
        <line num="93" count="2" type="cond" truecount="1" falsecount="0"/>
        <line num="94" count="1" type="stmt"/>
        <line num="95" count="1" type="stmt"/>
        <line num="103" count="2" type="cond" truecount="1" falsecount="0"/>
        <line num="104" count="1" type="stmt"/>
        <line num="105" count="1" type="stmt"/>
        <line num="112" count="2" type="cond" truecount="1" falsecount="0"/>
        <line num="113" count="1" type="stmt"/>
        <line num="114" count="1" type="cond" truecount="2" falsecount="0"/>
        <line num="117" count="2" type="cond" truecount="1" falsecount="0"/>
        <line num="118" count="1" type="stmt"/>
        <line num="119" count="1" type="stmt"/>
        <line num="127" count="2" type="cond" truecount="1" falsecount="0"/>
        <line num="128" count="1" type="stmt"/>
        <line num="129" count="1" type="stmt"/>
        <line num="137" count="2" type="cond" truecount="1" falsecount="0"/>
        <line num="138" count="1" type="stmt"/>
        <line num="139" count="5" type="stmt"/>
        <line num="140" count="5" type="cond" truecount="2" falsecount="0"/>
        <line num="143" count="2" type="cond" truecount="1" falsecount="0"/>
        <line num="144" count="1" type="stmt"/>
        <line num="145" count="1" type="stmt"/>
        <line num="154" count="2" type="cond" truecount="1" falsecount="0"/>
        <line num="155" count="1" type="stmt"/>
        <line num="156" count="6" type="stmt"/>
        <line num="157" count="1" type="cond" truecount="2" falsecount="0"/>
        <line num="160" count="2" type="cond" truecount="1" falsecount="0"/>
        <line num="161" count="1" type="stmt"/>
        <line num="162" count="1" type="stmt"/>
        <line num="171" count="2" type="cond" truecount="1" falsecount="0"/>
        <line num="172" count="1" type="stmt"/>
        <line num="173" count="1" type="stmt"/>
        <line num="184" count="2" type="cond" truecount="1" falsecount="0"/>
        <line num="185" count="1" type="stmt"/>
        <line num="186" count="1" type="stmt"/>
        <line num="194" count="2" type="cond" truecount="1" falsecount="0"/>
        <line num="195" count="1" type="stmt"/>
        <line num="196" count="1" type="stmt"/>
        <line num="203" count="2" type="cond" truecount="1" falsecount="0"/>
        <line num="204" count="1" type="stmt"/>
        <line num="205" count="1" type="stmt"/>
        <line num="214" count="2" type="stmt"/>
        <line num="241" count="2" type="stmt"/>
        <line num="242" count="24" type="cond" truecount="2" falsecount="0"/>
        <line num="243" count="24" type="stmt"/>
      </file>
      <file name="heads.tsx" path="C:\Users\Radko\source\repos\AudioVerse\audioverse-react\src\components\animations\shapes\heads.tsx">
        <metrics statements="47" coveredstatements="47" conditionals="58" coveredconditionals="58" methods="16" coveredmethods="16"/>
        <line num="18" count="16" type="stmt"/>
        <line num="26" count="2" type="cond" truecount="2" falsecount="0"/>
        <line num="27" count="3" type="stmt"/>
        <line num="28" count="3" type="stmt"/>
        <line num="37" count="2" type="cond" truecount="2" falsecount="0"/>
        <line num="38" count="1" type="stmt"/>
        <line num="39" count="1" type="stmt"/>
        <line num="48" count="2" type="cond" truecount="2" falsecount="0"/>
        <line num="49" count="1" type="stmt"/>
        <line num="50" count="1" type="stmt"/>
        <line num="59" count="2" type="cond" truecount="2" falsecount="0"/>
        <line num="60" count="1" type="stmt"/>
        <line num="61" count="1" type="stmt"/>
        <line num="76" count="2" type="cond" truecount="2" falsecount="0"/>
        <line num="77" count="1" type="stmt"/>
        <line num="78" count="1" type="stmt"/>
        <line num="86" count="2" type="cond" truecount="2" falsecount="0"/>
        <line num="87" count="1" type="stmt"/>
        <line num="88" count="1" type="stmt"/>
        <line num="96" count="2" type="cond" truecount="2" falsecount="0"/>
        <line num="97" count="1" type="stmt"/>
        <line num="98" count="1" type="stmt"/>
        <line num="106" count="2" type="cond" truecount="2" falsecount="0"/>
        <line num="107" count="1" type="stmt"/>
        <line num="108" count="1" type="stmt"/>
        <line num="116" count="2" type="cond" truecount="2" falsecount="0"/>
        <line num="117" count="1" type="stmt"/>
        <line num="118" count="1" type="cond" truecount="2" falsecount="0"/>
        <line num="120" count="2" type="cond" truecount="2" falsecount="0"/>
        <line num="121" count="1" type="stmt"/>
        <line num="122" count="1" type="cond" truecount="2" falsecount="0"/>
        <line num="124" count="2" type="cond" truecount="2" falsecount="0"/>
        <line num="125" count="1" type="stmt"/>
        <line num="126" count="1" type="cond" truecount="2" falsecount="0"/>
        <line num="128" count="2" type="cond" truecount="2" falsecount="0"/>
        <line num="129" count="1" type="stmt"/>
        <line num="130" count="1" type="cond" truecount="2" falsecount="0"/>
        <line num="132" count="2" type="cond" truecount="2" falsecount="0"/>
        <line num="133" count="1" type="stmt"/>
        <line num="134" count="1" type="cond" truecount="2" falsecount="0"/>
        <line num="136" count="2" type="cond" truecount="2" falsecount="0"/>
        <line num="137" count="1" type="stmt"/>
        <line num="138" count="1" type="cond" truecount="2" falsecount="0"/>
        <line num="142" count="2" type="stmt"/>
        <line num="162" count="2" type="stmt"/>
        <line num="163" count="16" type="cond" truecount="2" falsecount="0"/>
        <line num="164" count="16" type="stmt"/>
      </file>
      <file name="headwear.tsx" path="C:\Users\Radko\source\repos\AudioVerse\audioverse-react\src\components\animations\shapes\headwear.tsx">
        <metrics statements="45" coveredstatements="45" conditionals="50" coveredconditionals="50" methods="15" coveredmethods="15"/>
        <line num="18" count="12" type="stmt"/>
        <line num="19" count="12" type="stmt"/>
        <line num="20" count="12" type="stmt"/>
        <line num="21" count="12" type="stmt"/>
        <line num="29" count="3" type="stmt"/>
        <line num="32" count="2" type="cond" truecount="2" falsecount="0"/>
        <line num="33" count="1" type="stmt"/>
        <line num="34" count="1" type="stmt"/>
        <line num="43" count="2" type="cond" truecount="2" falsecount="0"/>
        <line num="44" count="1" type="stmt"/>
        <line num="45" count="1" type="stmt"/>
        <line num="57" count="2" type="cond" truecount="2" falsecount="0"/>
        <line num="58" count="1" type="stmt"/>
        <line num="59" count="1" type="stmt"/>
        <line num="68" count="2" type="cond" truecount="2" falsecount="0"/>
        <line num="69" count="1" type="stmt"/>
        <line num="70" count="1" type="stmt"/>
        <line num="81" count="2" type="cond" truecount="2" falsecount="0"/>
        <line num="82" count="1" type="stmt"/>
        <line num="83" count="1" type="stmt"/>
        <line num="93" count="2" type="cond" truecount="2" falsecount="0"/>
        <line num="94" count="1" type="stmt"/>
        <line num="95" count="1" type="stmt"/>
        <line num="104" count="2" type="cond" truecount="2" falsecount="0"/>
        <line num="105" count="1" type="stmt"/>
        <line num="106" count="1" type="stmt"/>
        <line num="117" count="2" type="cond" truecount="2" falsecount="0"/>
        <line num="118" count="1" type="stmt"/>
        <line num="119" count="1" type="stmt"/>
        <line num="129" count="2" type="cond" truecount="2" falsecount="0"/>
        <line num="130" count="1" type="stmt"/>
        <line num="131" count="1" type="stmt"/>
        <line num="141" count="2" type="cond" truecount="2" falsecount="0"/>
        <line num="142" count="1" type="stmt"/>
        <line num="143" count="1" type="stmt"/>
        <line num="152" count="2" type="cond" truecount="2" falsecount="0"/>
        <line num="153" count="1" type="stmt"/>
        <line num="154" count="1" type="stmt"/>
        <line num="163" count="2" type="cond" truecount="2" falsecount="0"/>
        <line num="164" count="1" type="stmt"/>
        <line num="165" count="1" type="stmt"/>
        <line num="179" count="2" type="stmt"/>
        <line num="201" count="2" type="stmt"/>
        <line num="202" count="15" type="cond" truecount="2" falsecount="0"/>
        <line num="203" count="15" type="stmt"/>
      </file>
      <file name="legs.tsx" path="C:\Users\Radko\source\repos\AudioVerse\audioverse-react\src\components\animations\shapes\legs.tsx">
        <metrics statements="7" coveredstatements="7" conditionals="16" coveredconditionals="10" methods="4" coveredmethods="4"/>
        <line num="21" count="2" type="stmt"/>
        <line num="29" count="1" type="stmt"/>
        <line num="37" count="2" type="stmt"/>
        <line num="38" count="2" type="stmt"/>
        <line num="40" count="2" type="stmt"/>
        <line num="41" count="2" type="stmt"/>
        <line num="43" count="2" type="stmt"/>
      </file>
      <file name="mouths.tsx" path="C:\Users\Radko\source\repos\AudioVerse\audioverse-react\src\components\animations\shapes\mouths.tsx">
        <metrics statements="44" coveredstatements="44" conditionals="57" coveredconditionals="57" methods="14" coveredmethods="14"/>
        <line num="19" count="17" type="stmt"/>
        <line num="26" count="2" type="cond" truecount="3" falsecount="0"/>
        <line num="27" count="3" type="stmt"/>
        <line num="28" count="3" type="cond" truecount="2" falsecount="0"/>
        <line num="31" count="2" type="cond" truecount="3" falsecount="0"/>
        <line num="32" count="2" type="stmt"/>
        <line num="33" count="2" type="cond" truecount="2" falsecount="0"/>
        <line num="36" count="2" type="cond" truecount="3" falsecount="0"/>
        <line num="37" count="1" type="stmt"/>
        <line num="38" count="1" type="cond" truecount="2" falsecount="0"/>
        <line num="41" count="2" type="cond" truecount="3" falsecount="0"/>
        <line num="42" count="1" type="stmt"/>
        <line num="43" count="1" type="cond" truecount="2" falsecount="0"/>
        <line num="46" count="2" type="cond" truecount="3" falsecount="0"/>
        <line num="47" count="3" type="stmt"/>
        <line num="48" count="3" type="cond" truecount="2" falsecount="0"/>
        <line num="51" count="2" type="cond" truecount="3" falsecount="0"/>
        <line num="52" count="1" type="stmt"/>
        <line num="53" count="1" type="stmt"/>
        <line num="61" count="2" type="cond" truecount="3" falsecount="0"/>
        <line num="62" count="1" type="stmt"/>
        <line num="63" count="1" type="cond" truecount="2" falsecount="0"/>
        <line num="66" count="2" type="cond" truecount="2" falsecount="0"/>
        <line num="67" count="1" type="stmt"/>
        <line num="68" count="1" type="cond" truecount="2" falsecount="0"/>
        <line num="71" count="2" type="stmt"/>
        <line num="72" count="2" type="cond" truecount="2" falsecount="0"/>
        <line num="73" count="1" type="stmt"/>
        <line num="74" count="1" type="cond" truecount="2" falsecount="0"/>
        <line num="76" count="2" type="cond" truecount="2" falsecount="0"/>
        <line num="77" count="1" type="stmt"/>
        <line num="78" count="1" type="cond" truecount="2" falsecount="0"/>
        <line num="81" count="2" type="stmt"/>
        <line num="82" count="2" type="cond" truecount="2" falsecount="0"/>
        <line num="83" count="1" type="stmt"/>
        <line num="84" count="1" type="cond" truecount="2" falsecount="0"/>
        <line num="86" count="2" type="stmt"/>
        <line num="87" count="2" type="cond" truecount="2" falsecount="0"/>
        <line num="88" count="1" type="stmt"/>
        <line num="89" count="1" type="cond" truecount="2" falsecount="0"/>
        <line num="93" count="2" type="stmt"/>
        <line num="114" count="2" type="stmt"/>
        <line num="115" count="17" type="cond" truecount="2" falsecount="0"/>
        <line num="116" count="17" type="stmt"/>
      </file>
      <file name="noses.tsx" path="C:\Users\Radko\source\repos\AudioVerse\audioverse-react\src\components\animations\shapes\noses.tsx">
        <metrics statements="25" coveredstatements="25" conditionals="45" coveredconditionals="45" methods="12" coveredmethods="12"/>
        <line num="19" count="23" type="stmt"/>
        <line num="22" count="2" type="cond" truecount="3" falsecount="0"/>
        <line num="23" count="4" type="cond" truecount="2" falsecount="0"/>
        <line num="28" count="2" type="cond" truecount="3" falsecount="0"/>
        <line num="29" count="2" type="cond" truecount="2" falsecount="0"/>
        <line num="34" count="2" type="cond" truecount="3" falsecount="0"/>
        <line num="35" count="2" type="cond" truecount="2" falsecount="0"/>
        <line num="40" count="2" type="cond" truecount="3" falsecount="0"/>
        <line num="41" count="3" type="cond" truecount="2" falsecount="0"/>
        <line num="46" count="2" type="cond" truecount="3" falsecount="0"/>
        <line num="47" count="4" type="cond" truecount="2" falsecount="0"/>
        <line num="52" count="2" type="cond" truecount="3" falsecount="0"/>
        <line num="53" count="2" type="cond" truecount="2" falsecount="0"/>
        <line num="58" count="2" type="cond" truecount="3" falsecount="0"/>
        <line num="59" count="2" type="cond" truecount="2" falsecount="0"/>
        <line num="64" count="2" type="cond" truecount="2" falsecount="0"/>
        <line num="65" count="2" type="cond" truecount="2" falsecount="0"/>
        <line num="67" count="2" type="cond" truecount="2" falsecount="0"/>
        <line num="68" count="2" type="cond" truecount="2" falsecount="0"/>
        <line num="70" count="2" type="stmt"/>
        <line num="71" count="3" type="stmt"/>
        <line num="74" count="2" type="stmt"/>
        <line num="91" count="2" type="stmt"/>
        <line num="92" count="14" type="cond" truecount="2" falsecount="0"/>
        <line num="93" count="14" type="stmt"/>
      </file>
      <file name="outfits.tsx" path="C:\Users\Radko\source\repos\AudioVerse\audioverse-react\src\components\animations\shapes\outfits.tsx">
        <metrics statements="45" coveredstatements="45" conditionals="39" coveredconditionals="39" methods="15" coveredmethods="15"/>
        <line num="18" count="19" type="stmt"/>
        <line num="26" count="2" type="stmt"/>
        <line num="29" count="2" type="cond" truecount="2" falsecount="0"/>
        <line num="30" count="4" type="stmt"/>
        <line num="31" count="4" type="stmt"/>
        <line num="39" count="2" type="cond" truecount="2" falsecount="0"/>
        <line num="40" count="2" type="stmt"/>
        <line num="41" count="2" type="stmt"/>
        <line num="51" count="2" type="cond" truecount="2" falsecount="0"/>
        <line num="52" count="1" type="stmt"/>
        <line num="53" count="1" type="stmt"/>
        <line num="64" count="2" type="cond" truecount="2" falsecount="0"/>
        <line num="65" count="3" type="stmt"/>
        <line num="66" count="3" type="stmt"/>
        <line num="75" count="2" type="cond" truecount="2" falsecount="0"/>
        <line num="76" count="1" type="stmt"/>
        <line num="77" count="1" type="stmt"/>
        <line num="86" count="2" type="cond" truecount="1" falsecount="0"/>
        <line num="87" count="3" type="stmt"/>
        <line num="88" count="3" type="stmt"/>
        <line num="98" count="2" type="cond" truecount="1" falsecount="0"/>
        <line num="99" count="1" type="stmt"/>
        <line num="100" count="1" type="stmt"/>
        <line num="104" count="8" type="stmt"/>
        <line num="111" count="2" type="cond" truecount="1" falsecount="0"/>
        <line num="112" count="2" type="stmt"/>
        <line num="113" count="2" type="stmt"/>
        <line num="117" count="10" type="stmt"/>
        <line num="118" count="70" type="stmt"/>
        <line num="134" count="2" type="cond" truecount="1" falsecount="0"/>
        <line num="135" count="1" type="stmt"/>
        <line num="136" count="1" type="stmt"/>
        <line num="146" count="2" type="cond" truecount="1" falsecount="0"/>
        <line num="147" count="1" type="stmt"/>
        <line num="148" count="1" type="stmt"/>
        <line num="159" count="2" type="stmt"/>
        <line num="160" count="2" type="stmt"/>
        <line num="161" count="2" type="stmt"/>
        <line num="162" count="2" type="stmt"/>
        <line num="163" count="2" type="stmt"/>
        <line num="164" count="2" type="stmt"/>
        <line num="167" count="2" type="stmt"/>
        <line num="190" count="2" type="stmt"/>
        <line num="192" count="19" type="cond" truecount="2" falsecount="0"/>
        <line num="193" count="19" type="stmt"/>
      </file>
      <file name="torsos.tsx" path="C:\Users\Radko\source\repos\AudioVerse\audioverse-react\src\components\animations\shapes\torsos.tsx">
        <metrics statements="14" coveredstatements="14" conditionals="14" coveredconditionals="14" methods="5" coveredmethods="5"/>
        <line num="17" count="12" type="stmt"/>
        <line num="25" count="2" type="cond" truecount="2" falsecount="0"/>
        <line num="26" count="5" type="stmt"/>
        <line num="27" count="5" type="stmt"/>
        <line num="35" count="2" type="cond" truecount="2" falsecount="0"/>
        <line num="36" count="4" type="stmt"/>
        <line num="37" count="4" type="stmt"/>
        <line num="45" count="2" type="cond" truecount="2" falsecount="0"/>
        <line num="46" count="3" type="stmt"/>
        <line num="47" count="3" type="stmt"/>
        <line num="55" count="2" type="stmt"/>
        <line num="64" count="2" type="stmt"/>
        <line num="65" count="6" type="cond" truecount="2" falsecount="0"/>
        <line num="66" count="6" type="stmt"/>
      </file>
    </package>
    <package name="components.common">
      <metrics statements="71" coveredstatements="60" conditionals="28" coveredconditionals="21" methods="24" coveredmethods="19"/>
      <file name="AudioActivationOverlay.tsx" path="C:\Users\Radko\source\repos\AudioVerse\audioverse-react\src\components\common\AudioActivationOverlay.tsx">
        <metrics statements="24" coveredstatements="13" conditionals="8" coveredconditionals="3" methods="10" coveredmethods="5"/>
        <line num="18" count="6" type="stmt"/>
        <line num="23" count="16" type="stmt"/>
        <line num="25" count="16" type="stmt"/>
        <line num="26" count="0" type="stmt"/>
        <line num="28" count="0" type="stmt"/>
        <line num="29" count="0" type="cond" truecount="0" falsecount="2"/>
        <line num="30" count="0" type="stmt"/>
        <line num="36" count="0" type="stmt"/>
        <line num="37" count="0" type="stmt"/>
        <line num="41" count="16" type="stmt"/>
        <line num="42" count="6" type="stmt"/>
        <line num="46" count="16" type="stmt"/>
        <line num="48" count="16" type="stmt"/>
        <line num="49" count="295" type="cond" truecount="1" falsecount="1"/>
        <line num="52" count="295" type="stmt"/>
        <line num="53" count="0" type="cond" truecount="0" falsecount="2"/>
        <line num="54" count="0" type="stmt"/>
        <line num="55" count="0" type="stmt"/>
        <line num="58" count="295" type="stmt"/>
        <line num="60" count="16" type="stmt"/>
        <line num="61" count="16" type="stmt"/>
        <line num="64" count="16" type="stmt"/>
        <line num="92" count="0" type="stmt"/>
        <line num="93" count="0" type="stmt"/>
      </file>
      <file name="CountdownOverlay.tsx" path="C:\Users\Radko\source\repos\AudioVerse\audioverse-react\src\components\common\CountdownOverlay.tsx">
        <metrics statements="3" coveredstatements="3" conditionals="3" coveredconditionals="3" methods="1" coveredmethods="1"/>
        <line num="14" count="10" type="cond" truecount="1" falsecount="0"/>
        <line num="15" count="316" type="cond" truecount="2" falsecount="0"/>
        <line num="16" count="6" type="stmt"/>
      </file>
      <file name="ErrorBoundary.tsx" path="C:\Users\Radko\source\repos\AudioVerse\audioverse-react\src\components\common\ErrorBoundary.tsx">
        <metrics statements="12" coveredstatements="12" conditionals="6" coveredconditionals="5" methods="5" coveredmethods="5"/>
        <line num="19" count="9" type="stmt"/>
        <line num="22" count="8" type="stmt"/>
        <line num="27" count="4" type="stmt"/>
        <line num="30" count="1" type="stmt"/>
        <line num="31" count="1" type="stmt"/>
        <line num="35" count="18" type="stmt"/>
        <line num="36" count="18" type="cond" truecount="2" falsecount="0"/>
        <line num="37" count="8" type="cond" truecount="2" falsecount="0"/>
        <line num="38" count="2" type="stmt"/>
        <line num="41" count="6" type="stmt"/>
        <line num="66" count="1" type="stmt"/>
        <line num="74" count="10" type="stmt"/>
      </file>
      <file name="Focusable.tsx" path="C:\Users\Radko\source\repos\AudioVerse\audioverse-react\src\components\common\Focusable.tsx">
        <metrics statements="20" coveredstatements="20" conditionals="9" coveredconditionals="9" methods="3" coveredmethods="3"/>
        <line num="20" count="4" type="stmt"/>
        <line num="28" count="4" type="cond" truecount="1" falsecount="0"/>
        <line num="29" count="30" type="stmt"/>
        <line num="30" count="30" type="stmt"/>
        <line num="32" count="30" type="stmt"/>
        <line num="33" count="14" type="cond" truecount="2" falsecount="0"/>
        <line num="34" count="1" type="stmt"/>
        <line num="35" count="1" type="stmt"/>
        <line num="38" count="13" type="stmt"/>
        <line num="39" count="13" type="stmt"/>
        <line num="40" count="13" type="stmt"/>
        <line num="46" count="2" type="stmt"/>
        <line num="49" count="13" type="stmt"/>
        <line num="50" count="13" type="stmt"/>
        <line num="51" count="13" type="stmt"/>
        <line num="52" count="13" type="stmt"/>
        <line num="54" count="2" type="stmt"/>
        <line num="60" count="30" type="stmt"/>
        <line num="61" count="30" type="cond" truecount="2" falsecount="0"/>
        <line num="63" count="30" type="stmt"/>
      </file>
      <file name="useFocusableLayout.ts" path="C:\Users\Radko\source\repos\AudioVerse\audioverse-react\src\components\common\useFocusableLayout.ts">
        <metrics statements="12" coveredstatements="12" conditionals="2" coveredconditionals="1" methods="5" coveredmethods="5"/>
        <line num="4" count="4" type="stmt"/>
        <line num="5" count="4" type="stmt"/>
        <line num="7" count="4" type="stmt"/>
        <line num="8" count="2" type="stmt"/>
        <line num="9" count="3" type="cond" truecount="1" falsecount="1"/>
        <line num="10" count="3" type="stmt"/>
        <line num="11" count="3" type="stmt"/>
        <line num="14" count="2" type="stmt"/>
        <line num="16" count="2" type="stmt"/>
        <line num="17" count="2" type="stmt"/>
        <line num="18" count="2" type="stmt"/>
        <line num="21" count="4" type="stmt"/>
      </file>
    </package>
    <package name="components.controls.karaoke">
      <metrics statements="885" coveredstatements="512" conditionals="685" coveredconditionals="322" methods="197" coveredmethods="106"/>
      <file name="KaraokeLyrics.tsx" path="C:\Users\Radko\source\repos\AudioVerse\audioverse-react\src\components\controls\karaoke\KaraokeLyrics.tsx">
        <metrics statements="34" coveredstatements="34" conditionals="50" coveredconditionals="42" methods="5" coveredmethods="5"/>
        <line num="11" count="3" type="stmt"/>
        <line num="12" count="3" type="stmt"/>
        <line num="13" count="3" type="stmt"/>
        <line num="14" count="3" type="stmt"/>
        <line num="16" count="3" type="stmt"/>
        <line num="18" count="14" type="stmt"/>
        <line num="19" count="13" type="cond" truecount="4" falsecount="0"/>
        <line num="20" count="12" type="cond" truecount="2" falsecount="0"/>
        <line num="23" count="14" type="cond" truecount="1" falsecount="1"/>
        <line num="26" count="14" type="stmt"/>
        <line num="27" count="14" type="stmt"/>
        <line num="28" count="10" type="stmt"/>
        <line num="29" count="10" type="cond" truecount="2" falsecount="0"/>
        <line num="30" count="10" type="cond" truecount="4" falsecount="0"/>
        <line num="31" count="7" type="stmt"/>
        <line num="32" count="7" type="stmt"/>
        <line num="36" count="14" type="cond" truecount="2" falsecount="0"/>
        <line num="37" count="14" type="cond" truecount="4" falsecount="0"/>
        <line num="39" count="14" type="stmt"/>
        <line num="57" count="10" type="stmt"/>
        <line num="58" count="10" type="cond" truecount="2" falsecount="0"/>
        <line num="59" count="2" type="stmt"/>
        <line num="60" count="8" type="cond" truecount="2" falsecount="0"/>
        <line num="61" count="6" type="stmt"/>
        <line num="63" count="10" type="stmt"/>
        <line num="65" count="10" type="cond" truecount="2" falsecount="0"/>
        <line num="66" count="10" type="cond" truecount="2" falsecount="0"/>
        <line num="67" count="10" type="stmt"/>
        <line num="69" count="10" type="cond" truecount="2" falsecount="0"/>
        <line num="71" count="2" type="stmt"/>
        <line num="80" count="8" type="cond" truecount="2" falsecount="0"/>
        <line num="82" count="2" type="stmt"/>
        <line num="99" count="6" type="stmt"/>
        <line num="136" count="2" type="stmt"/>
      </file>
      <file name="KaraokeManager.tsx" path="C:\Users\Radko\source\repos\AudioVerse\audioverse-react\src\components\controls\karaoke\KaraokeManager.tsx">
        <metrics statements="583" coveredstatements="334" conditionals="484" coveredconditionals="208" methods="159" coveredmethods="72"/>
        <line num="45" count="6" type="stmt"/>
        <line num="55" count="6" type="cond" truecount="4" falsecount="0"/>
        <line num="56" count="312" type="stmt"/>
        <line num="57" count="312" type="stmt"/>
        <line num="58" count="312" type="stmt"/>
        <line num="59" count="312" type="stmt"/>
        <line num="60" count="312" type="stmt"/>
        <line num="61" count="312" type="stmt"/>
        <line num="62" count="312" type="stmt"/>
        <line num="63" count="312" type="stmt"/>
        <line num="64" count="312" type="stmt"/>
        <line num="65" count="312" type="stmt"/>
        <line num="68" count="312" type="stmt"/>
        <line num="69" count="312" type="stmt"/>
        <line num="70" count="312" type="stmt"/>
        <line num="71" count="312" type="stmt"/>
        <line num="74" count="312" type="stmt"/>
        <line num="75" count="312" type="stmt"/>
        <line num="77" count="312" type="stmt"/>
        <line num="79" count="312" type="stmt"/>
        <line num="81" count="312" type="stmt"/>
        <line num="82" count="312" type="stmt"/>
        <line num="83" count="312" type="stmt"/>
        <line num="84" count="312" type="stmt"/>
        <line num="85" count="312" type="stmt"/>
        <line num="88" count="312" type="stmt"/>
        <line num="90" count="62" type="stmt"/>
        <line num="91" count="62" type="stmt"/>
        <line num="92" count="62" type="cond" truecount="1" falsecount="1"/>
        <line num="93" count="0" type="stmt"/>
        <line num="94" count="0" type="stmt"/>
        <line num="95" count="0" type="stmt"/>
        <line num="101" count="62" type="stmt"/>
        <line num="103" count="62" type="stmt"/>
        <line num="104" count="62" type="cond" truecount="1" falsecount="1"/>
        <line num="107" count="312" type="stmt"/>
        <line num="109" count="312" type="stmt"/>
        <line num="110" count="312" type="stmt"/>
        <line num="112" count="312" type="cond" truecount="2" falsecount="0"/>
        <line num="113" count="312" type="cond" truecount="2" falsecount="0"/>
        <line num="114" count="312" type="stmt"/>
        <line num="115" count="312" type="stmt"/>
        <line num="116" count="312" type="stmt"/>
        <line num="118" count="312" type="stmt"/>
        <line num="119" count="312" type="stmt"/>
        <line num="121" count="312" type="stmt"/>
        <line num="123" count="312" type="stmt"/>
        <line num="125" count="312" type="stmt"/>
        <line num="126" count="312" type="stmt"/>
        <line num="129" count="312" type="stmt"/>
        <line num="130" count="312" type="stmt"/>
        <line num="131" count="312" type="stmt"/>
        <line num="132" count="312" type="stmt"/>
        <line num="133" count="312" type="stmt"/>
        <line num="134" count="312" type="stmt"/>
        <line num="136" count="312" type="stmt"/>
        <line num="137" count="312" type="stmt"/>
        <line num="140" count="312" type="stmt"/>
        <line num="141" count="312" type="stmt"/>
        <line num="142" count="312" type="stmt"/>
        <line num="143" count="312" type="stmt"/>
        <line num="145" count="312" type="stmt"/>
        <line num="146" count="312" type="stmt"/>
        <line num="151" count="312" type="stmt"/>
        <line num="152" count="139" type="stmt"/>
        <line num="154" count="139" type="stmt"/>
        <line num="155" count="139" type="cond" truecount="2" falsecount="0"/>
        <line num="156" count="135" type="stmt"/>
        <line num="158" count="136" type="stmt"/>
        <line num="161" count="136" type="stmt"/>
        <line num="162" count="136" type="cond" truecount="1" falsecount="1"/>
        <line num="163" count="136" type="stmt"/>
        <line num="165" count="136" type="stmt"/>
        <line num="167" count="3" type="stmt"/>
        <line num="171" count="139" type="cond" truecount="1" falsecount="1"/>
        <line num="172" count="139" type="stmt"/>
        <line num="174" count="91" type="stmt"/>
        <line num="175" count="91" type="stmt"/>
        <line num="177" count="50" type="stmt"/>
        <line num="179" count="139" type="stmt"/>
        <line num="184" count="139" type="stmt"/>
        <line num="185" count="139" type="stmt"/>
        <line num="189" count="312" type="stmt"/>
        <line num="190" count="173" type="cond" truecount="5" falsecount="0"/>
        <line num="191" count="62" type="stmt"/>
        <line num="196" count="312" type="stmt"/>
        <line num="197" count="173" type="cond" truecount="4" falsecount="0"/>
        <line num="198" count="62" type="stmt"/>
        <line num="199" count="0" type="cond" truecount="0" falsecount="2"/>
        <line num="200" count="0" type="stmt"/>
        <line num="201" count="0" type="cond" truecount="0" falsecount="4"/>
        <line num="202" count="0" type="stmt"/>
        <line num="203" count="0" type="stmt"/>
        <line num="207" count="62" type="stmt"/>
        <line num="211" count="312" type="stmt"/>
        <line num="212" count="312" type="stmt"/>
        <line num="213" count="312" type="stmt"/>
        <line num="215" count="312" type="stmt"/>
        <line num="216" count="310" type="cond" truecount="1" falsecount="1"/>
        <line num="217" count="0" type="cond" truecount="0" falsecount="2"/>
        <line num="218" count="0" type="cond" truecount="0" falsecount="2"/>
        <line num="219" count="0" type="cond" truecount="0" falsecount="2"/>
        <line num="220" count="310" type="cond" truecount="0" falsecount="2"/>
        <line num="221" count="310" type="cond" truecount="1" falsecount="1"/>
        <line num="222" count="0" type="stmt"/>
        <line num="223" count="0" type="stmt"/>
        <line num="225" count="0" type="stmt"/>
        <line num="226" count="0" type="stmt"/>
        <line num="227" count="0" type="cond" truecount="0" falsecount="2"/>
        <line num="228" count="0" type="stmt"/>
        <line num="233" count="312" type="stmt"/>
        <line num="234" count="310" type="cond" truecount="1" falsecount="1"/>
        <line num="235" count="0" type="cond" truecount="0" falsecount="2"/>
        <line num="236" count="0" type="cond" truecount="0" falsecount="2"/>
        <line num="237" count="310" type="cond" truecount="0" falsecount="2"/>
        <line num="238" count="310" type="cond" truecount="0" falsecount="2"/>
        <line num="240" count="0" type="stmt"/>
        <line num="241" count="0" type="cond" truecount="0" falsecount="2"/>
        <line num="242" count="0" type="stmt"/>
        <line num="244" count="0" type="stmt"/>
        <line num="245" count="0" type="stmt"/>
        <line num="247" count="0" type="stmt"/>
        <line num="251" count="0" type="stmt"/>
        <line num="252" count="0" type="stmt"/>
        <line num="253" count="0" type="stmt"/>
        <line num="255" count="0" type="stmt"/>
        <line num="262" count="312" type="stmt"/>
        <line num="263" count="312" type="stmt"/>
        <line num="265" count="63" type="stmt"/>
        <line num="268" count="312" type="stmt"/>
        <line num="271" count="310" type="stmt"/>
        <line num="272" count="310" type="stmt"/>
        <line num="273" count="310" type="stmt"/>
        <line num="279" count="0" type="stmt"/>
        <line num="280" count="0" type="stmt"/>
        <line num="281" count="0" type="cond" truecount="0" falsecount="2"/>
        <line num="282" count="0" type="stmt"/>
        <line num="285" count="0" type="cond" truecount="0" falsecount="2"/>
        <line num="287" count="0" type="stmt"/>
        <line num="288" count="0" type="cond" truecount="0" falsecount="2"/>
        <line num="292" count="0" type="stmt"/>
        <line num="293" count="0" type="stmt"/>
        <line num="294" count="0" type="stmt"/>
        <line num="296" count="0" type="stmt"/>
        <line num="297" count="0" type="stmt"/>
        <line num="298" count="0" type="stmt"/>
        <line num="299" count="0" type="stmt"/>
        <line num="300" count="0" type="stmt"/>
        <line num="301" count="0" type="stmt"/>
        <line num="302" count="0" type="stmt"/>
        <line num="303" count="0" type="stmt"/>
        <line num="305" count="0" type="cond" truecount="0" falsecount="2"/>
        <line num="306" count="0" type="stmt"/>
        <line num="307" count="0" type="stmt"/>
        <line num="308" count="0" type="stmt"/>
        <line num="310" count="0" type="stmt"/>
        <line num="314" count="0" type="stmt"/>
        <line num="316" count="0" type="stmt"/>
        <line num="317" count="0" type="stmt"/>
        <line num="320" count="0" type="stmt"/>
        <line num="321" count="0" type="stmt"/>
        <line num="322" count="0" type="stmt"/>
        <line num="324" count="0" type="stmt"/>
        <line num="325" count="0" type="cond" truecount="0" falsecount="2"/>
        <line num="326" count="0" type="cond" truecount="0" falsecount="2"/>
        <line num="327" count="0" type="stmt"/>
        <line num="328" count="0" type="stmt"/>
        <line num="329" count="0" type="cond" truecount="0" falsecount="5"/>
        <line num="332" count="0" type="stmt"/>
        <line num="333" count="0" type="cond" truecount="0" falsecount="4"/>
        <line num="337" count="0" type="cond" truecount="0" falsecount="2"/>
        <line num="339" count="0" type="stmt"/>
        <line num="340" count="0" type="stmt"/>
        <line num="342" count="0" type="stmt"/>
        <line num="344" count="0" type="stmt"/>
        <line num="347" count="0" type="stmt"/>
        <line num="349" count="0" type="stmt"/>
        <line num="350" count="0" type="cond" truecount="0" falsecount="2"/>
        <line num="351" count="0" type="cond" truecount="0" falsecount="2"/>
        <line num="357" count="0" type="cond" truecount="0" falsecount="4"/>
        <line num="358" count="0" type="stmt"/>
        <line num="359" count="0" type="stmt"/>
        <line num="360" count="0" type="cond" truecount="0" falsecount="4"/>
        <line num="361" count="0" type="stmt"/>
        <line num="362" count="0" type="stmt"/>
        <line num="365" count="0" type="stmt"/>
        <line num="366" count="0" type="cond" truecount="0" falsecount="2"/>
        <line num="367" count="0" type="cond" truecount="0" falsecount="2"/>
        <line num="371" count="0" type="cond" truecount="0" falsecount="2"/>
        <line num="372" count="0" type="stmt"/>
        <line num="376" count="0" type="stmt"/>
        <line num="378" count="0" type="stmt"/>
        <line num="379" count="0" type="cond" truecount="0" falsecount="2"/>
        <line num="380" count="0" type="stmt"/>
        <line num="382" count="0" type="stmt"/>
        <line num="383" count="0" type="cond" truecount="0" falsecount="4"/>
        <line num="387" count="0" type="stmt"/>
        <line num="388" count="0" type="stmt"/>
        <line num="390" count="0" type="stmt"/>
        <line num="393" count="0" type="stmt"/>
        <line num="394" count="0" type="cond" truecount="0" falsecount="4"/>
        <line num="395" count="0" type="stmt"/>
        <line num="397" count="0" type="cond" truecount="0" falsecount="2"/>
        <line num="398" count="0" type="stmt"/>
        <line num="399" count="0" type="cond" truecount="0" falsecount="2"/>
        <line num="400" count="0" type="stmt"/>
        <line num="404" count="0" type="cond" truecount="0" falsecount="2"/>
        <line num="408" count="0" type="stmt"/>
        <line num="410" count="0" type="cond" truecount="0" falsecount="2"/>
        <line num="411" count="0" type="stmt"/>
        <line num="413" count="0" type="stmt"/>
        <line num="415" count="0" type="stmt"/>
        <line num="419" count="0" type="stmt"/>
        <line num="420" count="0" type="stmt"/>
        <line num="421" count="0" type="stmt"/>
        <line num="422" count="0" type="stmt"/>
        <line num="424" count="0" type="stmt"/>
        <line num="426" count="0" type="stmt"/>
        <line num="428" count="0" type="stmt"/>
        <line num="430" count="0" type="stmt"/>
        <line num="434" count="0" type="stmt"/>
        <line num="435" count="0" type="stmt"/>
        <line num="436" count="0" type="stmt"/>
        <line num="437" count="0" type="stmt"/>
        <line num="439" count="0" type="stmt"/>
        <line num="443" count="310" type="cond" truecount="1" falsecount="1"/>
        <line num="445" count="0" type="stmt"/>
        <line num="446" count="0" type="stmt"/>
        <line num="447" count="0" type="stmt"/>
        <line num="448" count="0" type="stmt"/>
        <line num="449" count="0" type="stmt"/>
        <line num="452" count="0" type="cond" truecount="0" falsecount="2"/>
        <line num="453" count="0" type="stmt"/>
        <line num="455" count="0" type="stmt"/>
        <line num="458" count="0" type="stmt"/>
        <line num="459" count="0" type="stmt"/>
        <line num="460" count="0" type="cond" truecount="0" falsecount="2"/>
        <line num="461" count="0" type="stmt"/>
        <line num="462" count="0" type="stmt"/>
        <line num="465" count="0" type="cond" truecount="0" falsecount="2"/>
        <line num="466" count="0" type="cond" truecount="0" falsecount="3"/>
        <line num="467" count="0" type="stmt"/>
        <line num="469" count="0" type="stmt"/>
        <line num="470" count="0" type="stmt"/>
        <line num="472" count="0" type="cond" truecount="0" falsecount="2"/>
        <line num="473" count="0" type="stmt"/>
        <line num="474" count="0" type="stmt"/>
        <line num="475" count="0" type="cond" truecount="0" falsecount="2"/>
        <line num="476" count="0" type="stmt"/>
        <line num="477" count="0" type="stmt"/>
        <line num="480" count="0" type="cond" truecount="0" falsecount="4"/>
        <line num="481" count="0" type="stmt"/>
        <line num="482" count="0" type="stmt"/>
        <line num="485" count="0" type="stmt"/>
        <line num="486" count="0" type="stmt"/>
        <line num="489" count="0" type="stmt"/>
        <line num="491" count="0" type="stmt"/>
        <line num="495" count="310" type="stmt"/>
        <line num="496" count="310" type="stmt"/>
        <line num="497" count="310" type="stmt"/>
        <line num="499" count="0" type="stmt"/>
        <line num="500" count="0" type="stmt"/>
        <line num="503" count="310" type="stmt"/>
        <line num="504" count="310" type="stmt"/>
        <line num="505" count="0" type="cond" truecount="0" falsecount="4"/>
        <line num="506" count="0" type="stmt"/>
        <line num="509" count="310" type="cond" truecount="1" falsecount="1"/>
        <line num="510" count="0" type="stmt"/>
        <line num="513" count="310" type="stmt"/>
        <line num="514" count="310" type="cond" truecount="0" falsecount="2"/>
        <line num="515" count="310" type="stmt"/>
        <line num="518" count="310" type="stmt"/>
        <line num="519" count="310" type="stmt"/>
        <line num="520" count="310" type="stmt"/>
        <line num="521" count="310" type="stmt"/>
        <line num="522" count="310" type="stmt"/>
        <line num="523" count="310" type="stmt"/>
        <line num="524" count="310" type="cond" truecount="0" falsecount="2"/>
        <line num="525" count="310" type="stmt"/>
        <line num="529" count="310" type="stmt"/>
        <line num="532" count="312" type="stmt"/>
        <line num="533" count="125" type="cond" truecount="2" falsecount="3"/>
        <line num="535" count="125" type="cond" truecount="1" falsecount="1"/>
        <line num="536" count="0" type="stmt"/>
        <line num="537" count="0" type="stmt"/>
        <line num="539" count="125" type="stmt"/>
        <line num="540" count="125" type="stmt"/>
        <line num="541" count="125" type="stmt"/>
        <line num="542" count="125" type="stmt"/>
        <line num="543" count="125" type="stmt"/>
        <line num="546" count="0" type="cond" truecount="0" falsecount="2"/>
        <line num="548" count="125" type="stmt"/>
        <line num="550" count="0" type="stmt"/>
        <line num="554" count="0" type="stmt"/>
        <line num="555" count="0" type="stmt"/>
        <line num="556" count="0" type="cond" truecount="0" falsecount="2"/>
        <line num="557" count="0" type="stmt"/>
        <line num="560" count="0" type="cond" truecount="0" falsecount="2"/>
        <line num="561" count="0" type="stmt"/>
        <line num="562" count="0" type="cond" truecount="0" falsecount="2"/>
        <line num="565" count="0" type="stmt"/>
        <line num="568" count="0" type="stmt"/>
        <line num="573" count="125" type="stmt"/>
        <line num="574" count="125" type="stmt"/>
        <line num="575" count="125" type="stmt"/>
        <line num="577" count="125" type="stmt"/>
        <line num="578" count="125" type="stmt"/>
        <line num="580" count="125" type="stmt"/>
        <line num="582" count="125" type="stmt"/>
        <line num="583" count="0" type="stmt"/>
        <line num="584" count="0" type="stmt"/>
        <line num="590" count="312" type="stmt"/>
        <line num="591" count="310" type="cond" truecount="3" falsecount="1"/>
        <line num="594" count="0" type="cond" truecount="0" falsecount="2"/>
        <line num="596" count="0" type="cond" truecount="0" falsecount="2"/>
        <line num="597" count="310" type="stmt"/>
        <line num="598" count="310" type="cond" truecount="0" falsecount="4"/>
        <line num="599" count="310" type="cond" truecount="1" falsecount="1"/>
        <line num="602" count="0" type="stmt"/>
        <line num="603" count="0" type="stmt"/>
        <line num="606" count="310" type="cond" truecount="1" falsecount="1"/>
        <line num="607" count="310" type="stmt"/>
        <line num="610" count="310" type="stmt"/>
        <line num="611" count="310" type="stmt"/>
        <line num="618" count="310" type="stmt"/>
        <line num="619" count="310" type="cond" truecount="1" falsecount="1"/>
        <line num="620" count="0" type="cond" truecount="0" falsecount="2"/>
        <line num="623" count="0" type="stmt"/>
        <line num="624" count="0" type="stmt"/>
        <line num="628" count="312" type="stmt"/>
        <line num="629" count="62" type="stmt"/>
        <line num="631" count="62" type="stmt"/>
        <line num="632" count="1" type="stmt"/>
        <line num="633" count="1" type="stmt"/>
        <line num="635" count="1" type="stmt"/>
        <line num="636" count="0" type="stmt"/>
        <line num="637" count="0" type="cond" truecount="0" falsecount="2"/>
        <line num="638" count="0" type="cond" truecount="0" falsecount="4"/>
        <line num="640" count="0" type="stmt"/>
        <line num="642" count="0" type="stmt"/>
        <line num="645" count="0" type="stmt"/>
        <line num="646" count="0" type="stmt"/>
        <line num="647" count="0" type="cond" truecount="0" falsecount="2"/>
        <line num="649" count="0" type="stmt"/>
        <line num="653" count="0" type="stmt"/>
        <line num="655" count="0" type="cond" truecount="0" falsecount="2"/>
        <line num="663" count="62" type="stmt"/>
        <line num="664" count="62" type="cond" truecount="1" falsecount="1"/>
        <line num="668" count="312" type="stmt"/>
        <line num="669" count="62" type="stmt"/>
        <line num="670" count="2" type="stmt"/>
        <line num="671" count="2" type="stmt"/>
        <line num="672" count="2" type="cond" truecount="4" falsecount="1"/>
        <line num="673" count="2" type="stmt"/>
        <line num="674" count="2" type="stmt"/>
        <line num="675" count="2" type="cond" truecount="1" falsecount="1"/>
        <line num="677" count="2" type="cond" truecount="1" falsecount="1"/>
        <line num="678" count="2" type="stmt"/>
        <line num="683" count="2" type="stmt"/>
        <line num="686" count="2" type="stmt"/>
        <line num="687" count="1" type="cond" truecount="2" falsecount="0"/>
        <line num="689" count="1" type="stmt"/>
        <line num="696" count="62" type="stmt"/>
        <line num="697" count="62" type="stmt"/>
        <line num="700" count="312" type="stmt"/>
        <line num="701" count="3" type="cond" truecount="1" falsecount="1"/>
        <line num="703" count="3" type="cond" truecount="2" falsecount="0"/>
        <line num="704" count="2" type="cond" truecount="3" falsecount="1"/>
        <line num="706" count="0" type="cond" truecount="0" falsecount="2"/>
        <line num="707" count="0" type="stmt"/>
        <line num="708" count="0" type="stmt"/>
        <line num="710" count="0" type="stmt"/>
        <line num="711" count="0" type="stmt"/>
        <line num="712" count="0" type="stmt"/>
        <line num="716" count="2" type="stmt"/>
        <line num="717" count="2" type="stmt"/>
        <line num="719" count="2" type="cond" truecount="1" falsecount="4"/>
        <line num="725" count="3" type="cond" truecount="2" falsecount="0"/>
        <line num="726" count="2" type="stmt"/>
        <line num="727" count="2" type="cond" truecount="1" falsecount="1"/>
        <line num="728" count="2" type="cond" truecount="1" falsecount="1"/>
        <line num="730" count="0" type="stmt"/>
        <line num="731" count="0" type="cond" truecount="0" falsecount="4"/>
        <line num="732" count="0" type="cond" truecount="0" falsecount="2"/>
        <line num="733" count="0" type="cond" truecount="0" falsecount="2"/>
        <line num="734" count="0" type="cond" truecount="0" falsecount="4"/>
        <line num="735" count="0" type="stmt"/>
        <line num="738" count="0" type="stmt"/>
        <line num="742" count="0" type="stmt"/>
        <line num="746" count="2" type="cond" truecount="1" falsecount="1"/>
        <line num="747" count="3" type="cond" truecount="1" falsecount="1"/>
        <line num="749" count="0" type="cond" truecount="0" falsecount="2"/>
        <line num="750" count="0" type="stmt"/>
        <line num="751" count="0" type="stmt"/>
        <line num="753" count="0" type="stmt"/>
        <line num="754" count="0" type="stmt"/>
        <line num="755" count="0" type="stmt"/>
        <line num="756" count="0" type="cond" truecount="0" falsecount="4"/>
        <line num="757" count="0" type="cond" truecount="0" falsecount="2"/>
        <line num="758" count="0" type="stmt"/>
        <line num="759" count="0" type="stmt"/>
        <line num="761" count="0" type="stmt"/>
        <line num="762" count="0" type="stmt"/>
        <line num="764" count="0" type="stmt"/>
        <line num="768" count="2" type="stmt"/>
        <line num="772" count="2" type="cond" truecount="2" falsecount="1"/>
        <line num="773" count="3" type="cond" truecount="2" falsecount="0"/>
        <line num="774" count="2" type="stmt"/>
        <line num="775" count="2" type="stmt"/>
        <line num="776" count="2" type="stmt"/>
        <line num="777" count="2" type="cond" truecount="1" falsecount="1"/>
        <line num="778" count="2" type="cond" truecount="1" falsecount="1"/>
        <line num="779" count="2" type="cond" truecount="1" falsecount="1"/>
        <line num="780" count="2" type="cond" truecount="1" falsecount="1"/>
        <line num="781" count="2" type="stmt"/>
        <line num="787" count="2" type="cond" truecount="2" falsecount="0"/>
        <line num="788" count="2" type="stmt"/>
        <line num="789" count="2" type="stmt"/>
        <line num="798" count="2" type="stmt"/>
        <line num="799" count="2" type="cond" truecount="2" falsecount="0"/>
        <line num="800" count="2" type="stmt"/>
        <line num="801" count="2" type="stmt"/>
        <line num="803" count="0" type="stmt"/>
        <line num="804" count="0" type="stmt"/>
        <line num="805" count="0" type="stmt"/>
        <line num="812" count="312" type="stmt"/>
        <line num="813" count="310" type="cond" truecount="4" falsecount="0"/>
        <line num="814" count="48" type="stmt"/>
        <line num="816" count="48" type="stmt"/>
        <line num="817" count="0" type="cond" truecount="0" falsecount="2"/>
        <line num="818" count="0" type="stmt"/>
        <line num="819" count="0" type="stmt"/>
        <line num="822" count="48" type="stmt"/>
        <line num="823" count="48" type="stmt"/>
        <line num="827" count="312" type="stmt"/>
        <line num="828" count="9" type="cond" truecount="2" falsecount="2"/>
        <line num="829" count="0" type="cond" truecount="0" falsecount="2"/>
        <line num="830" count="9" type="cond" truecount="1" falsecount="1"/>
        <line num="831" count="9" type="stmt"/>
        <line num="832" count="9" type="cond" truecount="1" falsecount="1"/>
        <line num="833" count="0" type="stmt"/>
        <line num="834" count="0" type="cond" truecount="0" falsecount="2"/>
        <line num="835" count="9" type="stmt"/>
        <line num="842" count="9" type="cond" truecount="1" falsecount="1"/>
        <line num="843" count="0" type="stmt"/>
        <line num="844" count="0" type="stmt"/>
        <line num="846" count="0" type="cond" truecount="0" falsecount="2"/>
        <line num="847" count="0" type="stmt"/>
        <line num="850" count="0" type="stmt"/>
        <line num="851" count="0" type="stmt"/>
        <line num="855" count="312" type="stmt"/>
        <line num="856" count="9" type="stmt"/>
        <line num="857" count="9" type="stmt"/>
        <line num="861" count="312" type="stmt"/>
        <line num="862" count="310" type="cond" truecount="3" falsecount="2"/>
        <line num="863" count="0" type="stmt"/>
        <line num="864" count="0" type="stmt"/>
        <line num="865" count="0" type="stmt"/>
        <line num="870" count="312" type="stmt"/>
        <line num="871" count="73" type="cond" truecount="2" falsecount="0"/>
        <line num="872" count="9" type="stmt"/>
        <line num="873" count="9" type="stmt"/>
        <line num="875" count="73" type="stmt"/>
        <line num="876" count="73" type="cond" truecount="2" falsecount="0"/>
        <line num="877" count="9" type="stmt"/>
        <line num="884" count="312" type="stmt"/>
        <line num="885" count="310" type="stmt"/>
        <line num="886" count="5" type="cond" truecount="2" falsecount="0"/>
        <line num="887" count="4" type="stmt"/>
[...]
        <line num="79" count="12" type="cond" truecount="2" falsecount="0"/>
        <line num="80" count="12" type="cond" truecount="1" falsecount="1"/>
        <line num="81" count="12" type="cond" truecount="2" falsecount="0"/>
        <line num="82" count="12" type="stmt"/>
        <line num="83" count="12" type="stmt"/>
        <line num="84" count="12" type="stmt"/>
        <line num="87" count="12" type="stmt"/>
        <line num="88" count="12" type="stmt"/>
        <line num="89" count="12" type="stmt"/>
        <line num="92" count="12" type="stmt"/>
        <line num="94" count="12" type="stmt"/>
        <line num="95" count="14" type="stmt"/>
        <line num="96" count="14" type="stmt"/>
        <line num="97" count="14" type="stmt"/>
        <line num="98" count="14" type="stmt"/>
        <line num="100" count="107" type="cond" truecount="3" falsecount="0"/>
        <line num="101" count="14" type="cond" truecount="4" falsecount="0"/>
        <line num="103" count="11" type="cond" truecount="1" falsecount="1"/>
        <line num="104" count="14" type="cond" truecount="1" falsecount="1"/>
        <line num="105" count="14" type="stmt"/>
        <line num="107" count="14" type="stmt"/>
        <line num="108" count="14" type="stmt"/>
        <line num="110" count="14" type="stmt"/>
        <line num="111" count="26" type="stmt"/>
        <line num="112" count="26" type="stmt"/>
        <line num="113" count="26" type="stmt"/>
        <line num="114" count="26" type="stmt"/>
        <line num="115" count="26" type="stmt"/>
        <line num="116" count="292" type="cond" truecount="3" falsecount="0"/>
        <line num="117" count="26" type="cond" truecount="3" falsecount="1"/>
        <line num="119" count="26" type="stmt"/>
        <line num="120" count="26" type="stmt"/>
        <line num="122" count="122" type="stmt"/>
        <line num="123" count="122" type="stmt"/>
        <line num="124" count="122" type="stmt"/>
        <line num="126" count="26" type="stmt"/>
        <line num="128" count="26" type="stmt"/>
        <line num="129" count="26" type="cond" truecount="2" falsecount="0"/>
        <line num="130" count="2" type="cond" truecount="1" falsecount="1"/>
        <line num="132" count="24" type="stmt"/>
        <line num="133" count="24" type="stmt"/>
        <line num="135" count="26" type="cond" truecount="2" falsecount="0"/>
        <line num="137" count="22" type="cond" truecount="2" falsecount="0"/>
        <line num="138" count="26" type="stmt"/>
        <line num="139" count="26" type="cond" truecount="2" falsecount="0"/>
        <line num="140" count="22" type="stmt"/>
        <line num="141" count="22" type="stmt"/>
        <line num="142" count="22" type="stmt"/>
        <line num="147" count="26" type="cond" truecount="2" falsecount="0"/>
        <line num="148" count="14" type="cond" truecount="2" falsecount="0"/>
        <line num="149" count="9" type="stmt"/>
        <line num="151" count="11" type="stmt"/>
        <line num="152" count="11" type="stmt"/>
        <line num="154" count="11" type="cond" truecount="2" falsecount="0"/>
        <line num="156" count="9" type="stmt"/>
        <line num="157" count="9" type="cond" truecount="1" falsecount="1"/>
        <line num="158" count="9" type="stmt"/>
        <line num="161" count="9" type="stmt"/>
        <line num="162" count="9" type="cond" truecount="1" falsecount="1"/>
        <line num="163" count="9" type="stmt"/>
        <line num="164" count="9" type="stmt"/>
        <line num="167" count="9" type="cond" truecount="1" falsecount="1"/>
        <line num="168" count="9" type="stmt"/>
        <line num="169" count="9" type="stmt"/>
        <line num="171" count="9" type="cond" truecount="4" falsecount="2"/>
        <line num="172" count="9" type="cond" truecount="5" falsecount="1"/>
        <line num="173" count="9" type="stmt"/>
        <line num="174" count="9" type="cond" truecount="4" falsecount="0"/>
        <line num="177" count="2" type="stmt"/>
        <line num="182" count="12" type="cond" truecount="2" falsecount="0"/>
        <line num="185" count="12" type="stmt"/>
        <line num="186" count="12" type="stmt"/>
        <line num="187" count="9" type="cond" truecount="1" falsecount="1"/>
        <line num="188" count="9" type="stmt"/>
        <line num="191" count="12" type="stmt"/>
        <line num="193" count="12" type="stmt"/>
      </file>
      <file name="lfoEngine.ts" path="C:\Users\Radko\source\repos\AudioVerse\audioverse-react\src\utils\lfoEngine.ts">
        <metrics statements="40" coveredstatements="37" conditionals="24" coveredconditionals="21" methods="9" coveredmethods="9"/>
        <line num="37" count="8" type="stmt"/>
        <line num="51" count="2" type="stmt"/>
        <line num="68" count="4" type="stmt"/>
        <line num="69" count="4" type="stmt"/>
        <line num="77" count="245" type="stmt"/>
        <line num="79" count="245" type="cond" truecount="4" falsecount="3"/>
        <line num="81" count="238" type="stmt"/>
        <line num="84" count="3" type="cond" truecount="2" falsecount="0"/>
        <line num="87" count="2" type="stmt"/>
        <line num="90" count="2" type="cond" truecount="2" falsecount="0"/>
        <line num="94" count="0" type="stmt"/>
        <line num="98" count="0" type="stmt"/>
        <line num="101" count="0" type="stmt"/>
        <line num="112" count="228" type="cond" truecount="2" falsecount="0"/>
        <line num="114" count="227" type="cond" truecount="4" falsecount="0"/>
        <line num="118" count="228" type="stmt"/>
        <line num="119" count="228" type="stmt"/>
        <line num="120" count="228" type="stmt"/>
        <line num="122" count="228" type="stmt"/>
        <line num="129" count="73" type="stmt"/>
        <line num="145" count="2" type="stmt"/>
        <line num="146" count="2" type="stmt"/>
        <line num="147" count="2" type="stmt"/>
        <line num="149" count="2" type="stmt"/>
        <line num="150" count="22" type="stmt"/>
        <line num="151" count="22" type="stmt"/>
        <line num="152" count="22" type="stmt"/>
        <line num="155" count="2" type="stmt"/>
        <line num="170" count="1" type="stmt"/>
        <line num="172" count="1" type="stmt"/>
        <line num="173" count="51" type="stmt"/>
        <line num="174" count="51" type="stmt"/>
        <line num="175" count="51" type="stmt"/>
        <line num="181" count="1" type="stmt"/>
        <line num="187" count="1" type="stmt"/>
        <line num="191" count="3" type="stmt"/>
        <line num="192" count="3" type="stmt"/>
        <line num="193" count="3" type="cond" truecount="4" falsecount="0"/>
        <line num="194" count="1" type="stmt"/>
        <line num="196" count="1" type="stmt"/>
      </file>
      <file name="librosaStreaming.ts" path="C:\Users\Radko\source\repos\AudioVerse\audioverse-react\src\utils\librosaStreaming.ts">
        <metrics statements="168" coveredstatements="155" conditionals="78" coveredconditionals="61" methods="17" coveredmethods="17"/>
        <line num="18" count="12" type="cond" truecount="2" falsecount="0"/>
        <line num="19" count="11" type="stmt"/>
        <line num="20" count="11" type="stmt"/>
        <line num="21" count="11" type="stmt"/>
        <line num="22" count="11" type="stmt"/>
        <line num="23" count="38400" type="stmt"/>
        <line num="24" count="38400" type="stmt"/>
        <line num="25" count="38400" type="stmt"/>
        <line num="26" count="38400" type="stmt"/>
        <line num="27" count="38400" type="stmt"/>
        <line num="29" count="11" type="stmt"/>
        <line num="33" count="20" type="stmt"/>
        <line num="34" count="20" type="stmt"/>
        <line num="35" count="44800" type="stmt"/>
        <line num="36" count="44800" type="cond" truecount="1" falsecount="1"/>
        <line num="38" count="20" type="stmt"/>
        <line num="46" count="31" type="stmt"/>
        <line num="48" count="31" type="stmt"/>
        <line num="49" count="31" type="stmt"/>
        <line num="50" count="31" type="stmt"/>
        <line num="51" count="31" type="stmt"/>
        <line num="53" count="31" type="stmt"/>
        <line num="54" count="31" type="stmt"/>
        <line num="55" count="31" type="stmt"/>
        <line num="58" count="31" type="stmt"/>
        <line num="63" count="32" type="cond" truecount="2" falsecount="3"/>
        <line num="64" count="95" type="stmt"/>
        <line num="65" count="32" type="stmt"/>
        <line num="66" count="32" type="stmt"/>
        <line num="67" count="32" type="stmt"/>
        <line num="68" count="32" type="stmt"/>
        <line num="69" count="25" type="stmt"/>
        <line num="70" count="25" type="stmt"/>
        <line num="71" count="25" type="stmt"/>
        <line num="73" count="25" type="cond" truecount="5" falsecount="0"/>
        <line num="74" count="2" type="stmt"/>
        <line num="75" count="2" type="stmt"/>
        <line num="76" count="3" type="stmt"/>
        <line num="79" count="2" type="stmt"/>
        <line num="83" count="32" type="stmt"/>
        <line num="84" count="30" type="stmt"/>
        <line num="85" count="30" type="stmt"/>
        <line num="86" count="30" type="stmt"/>
        <line num="87" count="30" type="stmt"/>
        <line num="90" count="30" type="cond" truecount="4" falsecount="0"/>
        <line num="91" count="7" type="stmt"/>
        <line num="92" count="7" type="cond" truecount="1" falsecount="1"/>
        <line num="93" count="7" type="stmt"/>
        <line num="94" count="7" type="stmt"/>
        <line num="95" count="7" type="stmt"/>
        <line num="96" count="6" type="cond" truecount="1" falsecount="1"/>
        <line num="99" count="0" type="stmt"/>
        <line num="103" count="32" type="stmt"/>
        <line num="104" count="1" type="stmt"/>
        <line num="105" count="1" type="stmt"/>
        <line num="107" count="32" type="stmt"/>
        <line num="108" count="3" type="stmt"/>
        <line num="109" count="3" type="cond" truecount="2" falsecount="0"/>
        <line num="110" count="3" type="stmt"/>
        <line num="111" count="3" type="stmt"/>
        <line num="113" count="1" type="stmt"/>
        <line num="119" count="22" type="cond" truecount="2" falsecount="0"/>
        <line num="120" count="21" type="cond" truecount="2" falsecount="0"/>
        <line num="121" count="20" type="stmt"/>
        <line num="122" count="20" type="cond" truecount="2" falsecount="2"/>
        <line num="124" count="20" type="cond" truecount="1" falsecount="1"/>
        <line num="125" count="20" type="stmt"/>
        <line num="126" count="20" type="stmt"/>
        <line num="128" count="20" type="stmt"/>
        <line num="130" count="20" type="stmt"/>
        <line num="131" count="20" type="stmt"/>
        <line num="132" count="20" type="stmt"/>
        <line num="134" count="20" type="stmt"/>
        <line num="135" count="20" type="cond" truecount="1" falsecount="1"/>
        <line num="137" count="22" type="stmt"/>
        <line num="138" count="10" type="stmt"/>
        <line num="140" count="10" type="stmt"/>
        <line num="141" count="10" type="stmt"/>
        <line num="142" count="10" type="stmt"/>
        <line num="143" count="10" type="stmt"/>
        <line num="146" count="10" type="stmt"/>
        <line num="147" count="10" type="stmt"/>
        <line num="148" count="10" type="stmt"/>
        <line num="149" count="10" type="cond" truecount="2" falsecount="0"/>
        <line num="151" count="8" type="stmt"/>
        <line num="152" count="8" type="stmt"/>
        <line num="153" count="8" type="stmt"/>
        <line num="154" count="8" type="stmt"/>
        <line num="156" count="8" type="stmt"/>
        <line num="158" count="8" type="stmt"/>
        <line num="159" count="8" type="stmt"/>
        <line num="160" count="14" type="stmt"/>
        <line num="161" count="14" type="stmt"/>
        <line num="162" count="14" type="stmt"/>
        <line num="163" count="14" type="stmt"/>
        <line num="164" count="14" type="cond" truecount="4" falsecount="0"/>
        <line num="165" count="7" type="stmt"/>
        <line num="166" count="7" type="cond" truecount="4" falsecount="0"/>
        <line num="167" count="5" type="cond" truecount="1" falsecount="1"/>
        <line num="170" count="2" type="stmt"/>
        <line num="171" count="2" type="stmt"/>
        <line num="173" count="14" type="stmt"/>
        <line num="176" count="8" type="cond" truecount="1" falsecount="1"/>
        <line num="177" count="0" type="stmt"/>
        <line num="178" count="0" type="stmt"/>
        <line num="179" count="0" type="stmt"/>
        <line num="180" count="0" type="stmt"/>
        <line num="181" count="0" type="stmt"/>
        <line num="182" count="0" type="stmt"/>
        <line num="189" count="9" type="cond" truecount="2" falsecount="0"/>
        <line num="190" count="7" type="cond" truecount="2" falsecount="0"/>
        <line num="191" count="6" type="stmt"/>
        <line num="192" count="6" type="stmt"/>
        <line num="193" count="6" type="cond" truecount="2" falsecount="2"/>
        <line num="194" count="6" type="stmt"/>
        <line num="195" count="6" type="stmt"/>
        <line num="196" count="6" type="stmt"/>
        <line num="198" count="6" type="stmt"/>
        <line num="199" count="6" type="stmt"/>
        <line num="200" count="6" type="stmt"/>
        <line num="201" count="6" type="stmt"/>
        <line num="203" count="6" type="stmt"/>
        <line num="204" count="6" type="cond" truecount="1" falsecount="1"/>
        <line num="206" count="9" type="stmt"/>
        <line num="207" count="5" type="stmt"/>
        <line num="208" count="5" type="stmt"/>
        <line num="209" count="5" type="stmt"/>
        <line num="210" count="5" type="stmt"/>
        <line num="211" count="5" type="stmt"/>
        <line num="213" count="5" type="stmt"/>
        <line num="214" count="5" type="stmt"/>
        <line num="215" count="5" type="stmt"/>
        <line num="216" count="5" type="cond" truecount="2" falsecount="0"/>
        <line num="218" count="4" type="stmt"/>
        <line num="219" count="4" type="stmt"/>
        <line num="220" count="4" type="stmt"/>
        <line num="221" count="4" type="stmt"/>
        <line num="223" count="4" type="stmt"/>
        <line num="224" count="4" type="stmt"/>
        <line num="225" count="4" type="stmt"/>
        <line num="226" count="6" type="stmt"/>
        <line num="227" count="6" type="stmt"/>
        <line num="228" count="6" type="stmt"/>
        <line num="229" count="6" type="stmt"/>
        <line num="230" count="6" type="cond" truecount="4" falsecount="0"/>
        <line num="231" count="4" type="stmt"/>
        <line num="232" count="2" type="cond" truecount="4" falsecount="0"/>
        <line num="233" count="1" type="cond" truecount="1" falsecount="1"/>
        <line num="235" count="1" type="stmt"/>
        <line num="236" count="1" type="stmt"/>
        <line num="238" count="6" type="stmt"/>
        <line num="240" count="4" type="cond" truecount="1" falsecount="1"/>
        <line num="241" count="0" type="stmt"/>
        <line num="242" count="0" type="stmt"/>
        <line num="243" count="0" type="stmt"/>
        <line num="244" count="0" type="stmt"/>
        <line num="245" count="0" type="stmt"/>
        <line num="246" count="0" type="stmt"/>
        <line num="252" count="30" type="stmt"/>
        <line num="253" count="30" type="cond" truecount="2" falsecount="0"/>
        <line num="254" count="30" type="stmt"/>
        <line num="255" count="30" type="stmt"/>
        <line num="257" count="30" type="cond" truecount="2" falsecount="0"/>
        <line num="258" count="24" type="stmt"/>
        <line num="260" count="30" type="stmt"/>
        <line num="265" count="1" type="stmt"/>
        <line num="266" count="1" type="stmt"/>
        <line num="267" count="1" type="stmt"/>
      </file>
      <file name="stepSequencer.ts" path="C:\Users\Radko\source\repos\AudioVerse\audioverse-react\src\utils\stepSequencer.ts">
        <metrics statements="69" coveredstatements="68" conditionals="37" coveredconditionals="34" methods="37" coveredmethods="37"/>
        <line num="42" count="300" type="stmt"/>
        <line num="50" count="18" type="stmt"/>
        <line num="53" count="280" type="stmt"/>
        <line num="63" count="22" type="stmt"/>
        <line num="64" count="340" type="cond" truecount="2" falsecount="0"/>
        <line num="66" count="22" type="stmt"/>
        <line num="70" count="6" type="stmt"/>
        <line num="71" count="72" type="cond" truecount="2" falsecount="0"/>
        <line num="73" count="6" type="stmt"/>
        <line num="77" count="2" type="stmt"/>
        <line num="78" count="32" type="cond" truecount="2" falsecount="0"/>
        <line num="80" count="2" type="stmt"/>
        <line num="84" count="2" type="stmt"/>
        <line num="85" count="32" type="cond" truecount="2" falsecount="0"/>
        <line num="87" count="2" type="stmt"/>
        <line num="91" count="1" type="stmt"/>
        <line num="92" count="16" type="cond" truecount="2" falsecount="0"/>
        <line num="94" count="1" type="stmt"/>
        <line num="98" count="1" type="stmt"/>
        <line num="99" count="16" type="cond" truecount="2" falsecount="0"/>
        <line num="101" count="1" type="stmt"/>
        <line num="108" count="1" type="stmt"/>
        <line num="109" count="16" type="cond" truecount="2" falsecount="0"/>
        <line num="111" count="1" type="stmt"/>
        <line num="116" count="1" type="stmt"/>
        <line num="121" count="1" type="stmt"/>
        <line num="122" count="1" type="stmt"/>
        <line num="123" count="1" type="stmt"/>
        <line num="124" count="1" type="stmt"/>
        <line num="129" count="1" type="stmt"/>
        <line num="130" count="16" type="cond" truecount="1" falsecount="1"/>
        <line num="132" count="1" type="stmt"/>
        <line num="137" count="16" type="stmt"/>
        <line num="144" count="3" type="stmt"/>
        <line num="154" count="2" type="stmt"/>
        <line num="155" count="2" type="stmt"/>
        <line num="157" count="2" type="cond" truecount="2" falsecount="2"/>
        <line num="158" count="0" type="stmt"/>
        <line num="160" count="2" type="stmt"/>
        <line num="165" count="3" type="cond" truecount="2" falsecount="0"/>
        <line num="171" count="2" type="stmt"/>
        <line num="172" count="2" type="stmt"/>
        <line num="173" count="8" type="stmt"/>
        <line num="175" count="2" type="stmt"/>
        <line num="179" count="1" type="stmt"/>
        <line num="180" count="1" type="stmt"/>
        <line num="181" count="2" type="stmt"/>
        <line num="183" count="1" type="stmt"/>
        <line num="187" count="1" type="stmt"/>
        <line num="188" count="1" type="stmt"/>
        <line num="189" count="8" type="stmt"/>
        <line num="191" count="1" type="stmt"/>
        <line num="195" count="1" type="stmt"/>
        <line num="196" count="1" type="stmt"/>
        <line num="197" count="1" type="stmt"/>
        <line num="198" count="16" type="stmt"/>
        <line num="200" count="1" type="stmt"/>
        <line num="204" count="1" type="stmt"/>
        <line num="205" count="1" type="stmt"/>
        <line num="206" count="1" type="stmt"/>
        <line num="207" count="1" type="stmt"/>
        <line num="208" count="16" type="stmt"/>
        <line num="210" count="1" type="stmt"/>
        <line num="216" count="1" type="stmt"/>
        <line num="220" count="3" type="stmt"/>
        <line num="221" count="3" type="stmt"/>
        <line num="222" count="3" type="cond" truecount="4" falsecount="0"/>
        <line num="223" count="1" type="stmt"/>
        <line num="225" count="1" type="stmt"/>
      </file>
    </package>
  </project>
</coverage>
